  connection.cc
libevent.lib(event.obj) : warning LNK4099: 未找到 PDB“vc140.pdb”(使用“libevent.lib(event.obj)”或在“G:\Git-Repos\sample\cpp\core\vsproj\__OUT\x64\Debug\vc140.pdb”中寻找)；正在链接对象，如同没有调试信息一样
libevent.lib(buffer.obj) : warning LNK4099: 未找到 PDB“vc140.pdb”(使用“libevent.lib(buffer.obj)”或在“G:\Git-Repos\sample\cpp\core\vsproj\__OUT\x64\Debug\vc140.pdb”中寻找)；正在链接对象，如同没有调试信息一样
libevent.lib(bufferevent.obj) : warning LNK4099: 未找到 PDB“vc140.pdb”(使用“libevent.lib(bufferevent.obj)”或在“G:\Git-Repos\sample\cpp\core\vsproj\__OUT\x64\Debug\vc140.pdb”中寻找)；正在链接对象，如同没有调试信息一样
libevent.lib(bufferevent_sock.obj) : warning LNK4099: 未找到 PDB“vc140.pdb”(使用“libevent.lib(bufferevent_sock.obj)”或在“G:\Git-Repos\sample\cpp\core\vsproj\__OUT\x64\Debug\vc140.pdb”中寻找)；正在链接对象，如同没有调试信息一样
libevent.lib(listener.obj) : warning LNK4099: 未找到 PDB“vc140.pdb”(使用“libevent.lib(listener.obj)”或在“G:\Git-Repos\sample\cpp\core\vsproj\__OUT\x64\Debug\vc140.pdb”中寻找)；正在链接对象，如同没有调试信息一样
libevent.lib(evmap.obj) : warning LNK4099: 未找到 PDB“vc140.pdb”(使用“libevent.lib(evmap.obj)”或在“G:\Git-Repos\sample\cpp\core\vsproj\__OUT\x64\Debug\vc140.pdb”中寻找)；正在链接对象，如同没有调试信息一样
libevent.lib(log.obj) : warning LNK4099: 未找到 PDB“vc140.pdb”(使用“libevent.lib(log.obj)”或在“G:\Git-Repos\sample\cpp\core\vsproj\__OUT\x64\Debug\vc140.pdb”中寻找)；正在链接对象，如同没有调试信息一样
libevent.lib(evutil.obj) : warning LNK4099: 未找到 PDB“vc140.pdb”(使用“libevent.lib(evutil.obj)”或在“G:\Git-Repos\sample\cpp\core\vsproj\__OUT\x64\Debug\vc140.pdb”中寻找)；正在链接对象，如同没有调试信息一样
libevent.lib(strlcpy.obj) : warning LNK4099: 未找到 PDB“vc140.pdb”(使用“libevent.lib(strlcpy.obj)”或在“G:\Git-Repos\sample\cpp\core\vsproj\__OUT\x64\Debug\vc140.pdb”中寻找)；正在链接对象，如同没有调试信息一样
libevent.lib(signal.obj) : warning LNK4099: 未找到 PDB“vc140.pdb”(使用“libevent.lib(signal.obj)”或在“G:\Git-Repos\sample\cpp\core\vsproj\__OUT\x64\Debug\vc140.pdb”中寻找)；正在链接对象，如同没有调试信息一样
libevent.lib(evthread.obj) : warning LNK4099: 未找到 PDB“vc140.pdb”(使用“libevent.lib(evthread.obj)”或在“G:\Git-Repos\sample\cpp\core\vsproj\__OUT\x64\Debug\vc140.pdb”中寻找)；正在链接对象，如同没有调试信息一样
libevent.lib(bufferevent_ratelim.obj) : warning LNK4099: 未找到 PDB“vc140.pdb”(使用“libevent.lib(bufferevent_ratelim.obj)”或在“G:\Git-Repos\sample\cpp\core\vsproj\__OUT\x64\Debug\vc140.pdb”中寻找)；正在链接对象，如同没有调试信息一样
libevent.lib(evutil_rand.obj) : warning LNK4099: 未找到 PDB“vc140.pdb”(使用“libevent.lib(evutil_rand.obj)”或在“G:\Git-Repos\sample\cpp\core\vsproj\__OUT\x64\Debug\vc140.pdb”中寻找)；正在链接对象，如同没有调试信息一样
libevent.lib(win32select.obj) : warning LNK4099: 未找到 PDB“vc140.pdb”(使用“libevent.lib(win32select.obj)”或在“G:\Git-Repos\sample\cpp\core\vsproj\__OUT\x64\Debug\vc140.pdb”中寻找)；正在链接对象，如同没有调试信息一样
libevent.lib(buffer_iocp.obj) : warning LNK4099: 未找到 PDB“vc140.pdb”(使用“libevent.lib(buffer_iocp.obj)”或在“G:\Git-Repos\sample\cpp\core\vsproj\__OUT\x64\Debug\vc140.pdb”中寻找)；正在链接对象，如同没有调试信息一样
libevent.lib(event_iocp.obj) : warning LNK4099: 未找到 PDB“vc140.pdb”(使用“libevent.lib(event_iocp.obj)”或在“G:\Git-Repos\sample\cpp\core\vsproj\__OUT\x64\Debug\vc140.pdb”中寻找)；正在链接对象，如同没有调试信息一样
libevent.lib(bufferevent_async.obj) : warning LNK4099: 未找到 PDB“vc140.pdb”(使用“libevent.lib(bufferevent_async.obj)”或在“G:\Git-Repos\sample\cpp\core\vsproj\__OUT\x64\Debug\vc140.pdb”中寻找)；正在链接对象，如同没有调试信息一样
  core.vcxproj -> G:\Git-Repos\sample\cpp\core\vsproj\__OUT\x64\Debug\core.exe
  core.vcxproj -> G:\Git-Repos\sample\cpp\core\vsproj\__OUT\x64\Debug\core.pdb (Full PDB)
