  util.c
g:\git-repos\sample\src-reading\include\x86_64-linux-gnu\gnu\stubs.h(7): fatal error C1083: 无法打开包括文件: “gnu/stubs-32.h”: No such file or directory
  timedrun.c
g:\git-repos\sample\src-reading\include\x86_64-linux-gnu\gnu\stubs.h(7): fatal error C1083: 无法打开包括文件: “gnu/stubs-32.h”: No such file or directory
  thread.c
g:\git-repos\sample\src-reading\include\x86_64-linux-gnu\gnu\stubs.h(7): fatal error C1083: 无法打开包括文件: “gnu/stubs-32.h”: No such file or directory
  testapp.c
g:\git-repos\sample\src-reading\include\x86_64-linux-gnu\gnu\stubs.h(7): fatal error C1083: 无法打开包括文件: “gnu/stubs-32.h”: No such file or directory
  stats.c
g:\git-repos\sample\src-reading\include\x86_64-linux-gnu\gnu\stubs.h(7): fatal error C1083: 无法打开包括文件: “gnu/stubs-32.h”: No such file or directory
  solaris_priv.c
g:\git-repos\sample\src-reading\include\x86_64-linux-gnu\gnu\stubs.h(7): fatal error C1083: 无法打开包括文件: “gnu/stubs-32.h”: No such file or directory
  slabs.c
g:\git-repos\sample\src-reading\include\x86_64-linux-gnu\gnu\stubs.h(7): fatal error C1083: 无法打开包括文件: “gnu/stubs-32.h”: No such file or directory
  sizes.c
g:\git-repos\sample\src-reading\include\x86_64-linux-gnu\gnu\stubs.h(7): fatal error C1083: 无法打开包括文件: “gnu/stubs-32.h”: No such file or directory
  sasl_defs.c
g:\git-repos\sample\src-reading\include\x86_64-linux-gnu\gnu\stubs.h(7): fatal error C1083: 无法打开包括文件: “gnu/stubs-32.h”: No such file or directory
  murmur3_hash.c
g:\git-repos\sample\src-reading\include\x86_64-linux-gnu\gnu\stubs.h(7): fatal error C1083: 无法打开包括文件: “gnu/stubs-32.h”: No such file or directory
  memcached.c
g:\git-repos\sample\src-reading\include\x86_64-linux-gnu\gnu\stubs.h(7): fatal error C1083: 无法打开包括文件: “gnu/stubs-32.h”: No such file or directory
  logger.c
g:\git-repos\sample\src-reading\include\x86_64-linux-gnu\gnu\stubs.h(7): fatal error C1083: 无法打开包括文件: “gnu/stubs-32.h”: No such file or directory
  jenkins_hash.c
g:\git-repos\sample\src-reading\include\x86_64-linux-gnu\gnu\stubs.h(7): fatal error C1083: 无法打开包括文件: “gnu/stubs-32.h”: No such file or directory
  items.c
g:\git-repos\sample\src-reading\include\x86_64-linux-gnu\gnu\stubs.h(7): fatal error C1083: 无法打开包括文件: “gnu/stubs-32.h”: No such file or directory
  hash.c
g:\git-repos\sample\src-reading\include\x86_64-linux-gnu\gnu\stubs.h(7): fatal error C1083: 无法打开包括文件: “gnu/stubs-32.h”: No such file or directory
  daemon.c
g:\git-repos\sample\src-reading\include\x86_64-linux-gnu\gnu\stubs.h(7): fatal error C1083: 无法打开包括文件: “gnu/stubs-32.h”: No such file or directory
  crawler.c
g:\git-repos\sample\src-reading\include\x86_64-linux-gnu\gnu\stubs.h(7): fatal error C1083: 无法打开包括文件: “gnu/stubs-32.h”: No such file or directory
  cache.c
g:\git-repos\sample\src-reading\include\x86_64-linux-gnu\gnu\stubs.h(7): fatal error C1083: 无法打开包括文件: “gnu/stubs-32.h”: No such file or directory
  bipbuffer.c
g:\git-repos\sample\src-reading\include\x86_64-linux-gnu\gnu\stubs.h(7): fatal error C1083: 无法打开包括文件: “gnu/stubs-32.h”: No such file or directory
  assoc.c
g:\git-repos\sample\src-reading\include\x86_64-linux-gnu\gnu\stubs.h(7): fatal error C1083: 无法打开包括文件: “gnu/stubs-32.h”: No such file or directory
  正在生成代码...
